[debug] [2019-12-04T06:21:34.049Z] ----------------------------------------------------------------------
[debug] [2019-12-04T06:21:34.051Z] Command:       C:\Program Files\nodejs\node.exe C:\Users\User\AppData\Roaming\npm\node_modules\firebase-tools\lib\bin\firebase.js init
[debug] [2019-12-04T06:21:34.051Z] CLI Version:   7.8.1
[debug] [2019-12-04T06:21:34.051Z] Platform:      win32
[debug] [2019-12-04T06:21:34.051Z] Node Version:  v12.13.1
[debug] [2019-12-04T06:21:34.053Z] Time:          Wed Dec 04 2019 06:21:34 GMT+0000 (Greenwich Mean Time)
[debug] [2019-12-04T06:21:34.053Z] ----------------------------------------------------------------------
[debug] [2019-12-04T06:21:34.053Z] 
[debug] [2019-12-04T06:21:34.063Z] > command requires scopes: ["email","openid","https://www.googleapis.com/auth/cloudplatformprojects.readonly","https://www.googleapis.com/auth/firebase","https://www.googleapis.com/auth/cloud-platform"]
[debug] [2019-12-04T06:21:34.064Z] > authorizing via signed-in user
[info] 
     ######## #### ########  ######## ########     ###     ######  ########
     ##        ##  ##     ## ##       ##     ##  ##   ##  ##       ##
     ######    ##  ########  ######   ########  #########  ######  ######
     ##        ##  ##    ##  ##       ##     ## ##     ##       ## ##
     ##       #### ##     ## ######## ########  ##     ##  ######  ########

You're about to initialize a Firebase project in this directory:

  C:\Users\User\Documents\Programming\conure

[info] 
=== Project Setup
[info] 
[info] First, let's associate this project directory with a Firebase project.
[info] You can create multiple project aliases by running firebase use --add, 
[info] but for now we'll just set up a default project.
[info] 
[debug] [2019-12-04T06:21:43.338Z] Error: kill ENOSYS
    at process.kill (internal/process/per_thread.js:189:13)
    at process.listener (C:\Users\User\AppData\Roaming\npm\node_modules\firebase-tools\node_modules\signal-exit\index.js:95:15)
    at process.emit (events.js:210:5)
[error] 
[error] Error: An unexpected error has occurred.
